GROUP,PACKAGE,CLASS,INSTRUCTION_MISSED,INSTRUCTION_COVERED,BRANCH_MISSED,BRANCH_COVERED,LINE_MISSED,LINE_COVERED,COMPLEXITY_MISSED,COMPLEXITY_COVERED,METHOD_MISSED,METHOD_COVERED
JMXTrans - core,org.jmxtrans.core.results,QueryResultValueComparator,16,33,2,8,1,8,2,5,0,2
JMXTrans - core,org.jmxtrans.core.results,QueryResult,19,191,14,18,0,14,11,15,0,10
JMXTrans - core,org.jmxtrans.core.results,QueryResultTimeComparator,0,24,0,6,0,5,0,5,0,2
JMXTrans - core,org.jmxtrans.core.config,DefaultConfiguration,0,22,0,0,0,8,0,7,0,7
JMXTrans - core,org.jmxtrans.core.config,StandardConfiguration,0,94,0,6,0,22,0,8,0,5
JMXTrans - core,org.jmxtrans.core.config,ThreadPoolExecutorMetrics,0,47,0,0,0,12,0,10,0,10
JMXTrans - core,org.jmxtrans.core.config,ModifiableConfiguration,0,46,0,2,0,9,0,8,0,7
JMXTrans - core,org.jmxtrans.core.config,JmxtransConfigurationException,0,9,0,0,0,4,0,2,0,2
JMXTrans - core,org.jmxtrans.core.config,XmlConfigParser,65,478,11,33,4,84,9,26,0,13
JMXTrans - core,org.jmxtrans.core.config,ConfigurationMerger,0,102,0,8,0,24,0,9,0,5
JMXTrans - core,org.jmxtrans.core.config,PropertyPlaceholderResolverXmlPreprocessor,0,71,0,9,0,20,0,8,0,3
JMXTrans - core,org.jmxtrans.core.config,JmxTransBuilder,14,317,1,17,2,56,1,16,0,8
JMXTrans - core,org.jmxtrans.core.query,ResultNameStrategy,9,235,3,9,3,46,3,9,0,6
JMXTrans - core,org.jmxtrans.core.query,QueryMetrics,12,38,0,0,3,9,3,4,3,4
JMXTrans - core,org.jmxtrans.core.query,Invocation,190,97,25,11,10,10,21,3,3,3
JMXTrans - core,org.jmxtrans.core.query,Query,111,325,25,25,7,36,25,15,5,10
JMXTrans - core,org.jmxtrans.core.query,QueryAttribute,114,357,29,33,4,39,23,20,0,12
JMXTrans - core,org.jmxtrans.core.query,RemoteServer,84,41,14,2,16,11,12,4,4,4
JMXTrans - core,org.jmxtrans.core.query,InProcessServer,2,11,0,0,1,5,1,3,1,3
JMXTrans - core,org.jmxtrans.core.query,RemoteServer.Builder,0,116,0,4,0,22,0,12,0,10
JMXTrans - core,org.jmxtrans.core.query,Query.Builder,28,102,1,1,5,22,2,9,1,9
JMXTrans - core,org.jmxtrans.core.query,QueryAttribute.Builder,3,61,2,2,1,15,2,6,0,6
JMXTrans - core,org.jmxtrans.core.circuitbreaker,CircuitBreakerProxy,15,179,1,13,1,40,1,12,0,6
JMXTrans - core,org.jmxtrans.core.circuitbreaker,CircuitBreakerOpenException,0,29,0,0,0,6,0,3,0,3
JMXTrans - core,org.jmxtrans.core.template,ExpressionEvaluator,32,29,1,1,5,8,1,3,0,3
JMXTrans - core,org.jmxtrans.core.template,TemplateEngine.Builder,5,47,0,2,2,9,1,5,1,4
JMXTrans - core,org.jmxtrans.core.template,StaticExpression,0,9,0,0,0,4,0,2,0,2
JMXTrans - core,org.jmxtrans.core.template,KeepAlphaNumericAndDots,9,43,5,11,0,9,3,7,0,2
JMXTrans - core,org.jmxtrans.core.template,KeepAlphaNumeric,9,40,5,9,0,9,3,6,0,2
JMXTrans - core,org.jmxtrans.core.template,TemplateEngine,24,104,1,5,1,25,1,5,0,3
JMXTrans - core,org.jmxtrans.core.template,ExpressionEvaluator.Builder,0,54,0,2,0,10,0,6,0,5
JMXTrans - core,org.jmxtrans.core.scheduler,NaiveScheduler.State,9,69,0,0,0,8,2,2,2,2
JMXTrans - core,org.jmxtrans.core.scheduler,QueryGenerator,14,133,0,6,5,30,0,7,0,4
JMXTrans - core,org.jmxtrans.core.scheduler,DeadlineRunnable,3,33,0,2,1,11,1,4,1,3
JMXTrans - core,org.jmxtrans.core.scheduler,QueryProcessor.Processor,47,85,0,4,7,18,0,4,0,2
JMXTrans - core,org.jmxtrans.core.scheduler,JmxTransThreadFactory,0,37,0,0,0,8,0,2,0,2
JMXTrans - core,org.jmxtrans.core.scheduler,QueryProcessor,0,36,0,0,0,9,0,2,0,2
JMXTrans - core,org.jmxtrans.core.scheduler,ResultProcessor,0,42,0,0,0,8,0,2,0,2
JMXTrans - core,org.jmxtrans.core.scheduler,ResultProcessor.Processor,20,66,0,0,3,12,0,2,0,2
JMXTrans - core,org.jmxtrans.core.scheduler,NaiveScheduler,22,151,1,9,8,40,3,7,2,3
JMXTrans - core,org.jmxtrans.core.output,DevNullOutputWriter.Factory,0,7,0,0,0,2,0,2,0,2
JMXTrans - core,org.jmxtrans.core.output,MetricCollectingOutputWriter,15,84,4,4,0,16,4,6,0,6
JMXTrans - core,org.jmxtrans.core.output,DevNullOutputWriter,0,5,0,0,0,3,0,2,0,2
JMXTrans - core,org.jmxtrans.core.config.jaxb,OutputWriterType,4,14,0,0,2,4,1,3,1,3
JMXTrans - core,org.jmxtrans.core.config.jaxb,QueriesType,5,9,1,1,1,3,1,2,0,2
JMXTrans - core,org.jmxtrans.core.config.jaxb,QueryType,12,29,0,4,6,10,3,7,3,5
JMXTrans - core,org.jmxtrans.core.config.jaxb,Jmxtrans,20,18,0,0,10,7,5,6,5,6
JMXTrans - core,org.jmxtrans.core.config.jaxb,ObjectFactory,47,0,0,0,13,0,12,0,12,0
JMXTrans - core,org.jmxtrans.core.config.jaxb,InvocationType.Parameter,8,9,0,0,4,3,2,3,2,3
JMXTrans - core,org.jmxtrans.core.config.jaxb,QueryType.QueryAttribute,12,23,0,2,6,7,3,6,3,5
JMXTrans - core,org.jmxtrans.core.config.jaxb,Jmxtrans.OutputWriters,5,9,1,1,1,3,1,2,0,2
JMXTrans - core,org.jmxtrans.core.config.jaxb,InvocationType,25,23,2,2,11,8,6,6,5,5
JMXTrans - core,org.jmxtrans.core.config.jaxb,Jmxtrans.Servers,5,9,1,1,1,3,1,2,0,2
JMXTrans - core,org.jmxtrans.core.config.jaxb,ServerType,28,24,0,0,14,8,7,8,7,8
JMXTrans - core,org.jmxtrans.core.config.jaxb,Jmxtrans.Invocations,5,9,1,1,1,3,1,2,0,2
JMXTrans - core,org.jmxtrans.core.output.support,ForwardingQueue,0,24,0,0,0,6,0,6,0,6
JMXTrans - core,org.jmxtrans.core.output.support,MinimalFormatOutputWriter,0,29,0,0,0,8,0,2,0,2
JMXTrans - core,org.jmxtrans.core.output.support,HttpOutputWriter.Builder,5,102,0,2,2,17,1,7,1,6
JMXTrans - core,org.jmxtrans.core.output.support,EvictingQueue,6,49,1,3,2,13,2,7,1,6
JMXTrans - core,org.jmxtrans.core.output.support,HttpOutputWriter,138,210,20,14,4,55,14,14,0,11
JMXTrans - core,org.jmxtrans.core.output.support,BatchingOutputWriter,27,101,0,6,2,26,0,7,0,4
JMXTrans - core,org.jmxtrans.core.output.support,TcpOutputWriter,90,131,25,7,3,34,15,10,0,9
JMXTrans - core,org.jmxtrans.core.output.support,ForwardingCollection,5,88,2,4,1,21,3,16,1,15
JMXTrans - core,org.jmxtrans.core.output.writers,ConsoleOutputWriter.Factory,0,15,0,0,0,2,0,2,0,2
JMXTrans - core,org.jmxtrans.core.output.writers,ConsoleOutputWriter,0,21,0,0,0,7,0,2,0,2
JMXTrans - core,org.jmxtrans.core.output.writers,GraphiteOutputWriter,6,55,1,1,2,12,1,4,0,4
JMXTrans - core,org.jmxtrans.core.output.writers,GraphiteOutputWriter.Factory,0,42,0,0,0,7,0,2,0,2
JMXTrans - core,org.jmxtrans.core.log,Level,0,66,0,2,0,6,0,6,0,5
JMXTrans - core,org.jmxtrans.core.log,PrintWriterLogger.new ThreadLocal() {...},0,11,0,0,0,2,0,2,0,2
JMXTrans - core,org.jmxtrans.core.log,PrintWriterLogger,32,154,9,9,9,41,9,16,3,13
JMXTrans - core,org.jmxtrans.core.log,Slf4JLogger,0,70,0,0,0,24,0,14,0,14
JMXTrans - core,org.jmxtrans.core.log,Slf4JLogProvider,0,9,0,0,0,2,0,2,0,2
JMXTrans - core,org.jmxtrans.core.log,ConsoleLogProvider,2,34,1,1,1,9,1,3,0,3
JMXTrans - core,org.jmxtrans.core.log,LoggerFactory,11,14,0,0,4,4,1,3,1,3
JMXTrans - core,org.jmxtrans.core.monitoring,MBeanRegistry,18,101,0,6,2,24,0,8,0,5
JMXTrans - core,org.jmxtrans.core.monitoring,ObjectNameFactory,0,59,0,0,0,9,0,2,0,2
