<?xml version="1.0" encoding="UTF-8" standalone="yes"?><!DOCTYPE report PUBLIC "-//JACOCO//DTD Report 1.0//EN" "report.dtd"><report name="JMXTrans - servlet"><sessioninfo id="testing-worker-linux-c55820f2-2-18643-linux-1-49707403-dee69ec6" start="1423207600639" dump="1423207603613"/><sessioninfo id="testing-worker-linux-c55820f2-2-18643-linux-1-49707403-e12cafc1" start="1423207994847" dump="1423207997566"/><package name="org/jmxtrans/servlet"><class name="org/jmxtrans/servlet/JmxTransLoaderListener"><method name="&lt;init&gt;" desc="()V" line="70"><counter type="INSTRUCTION" missed="0" covered="7"/><counter type="LINE" missed="0" covered="2"/><counter type="COMPLEXITY" missed="0" covered="1"/><counter type="METHOD" missed="0" covered="1"/></method><method name="contextInitialized" desc="(Ljavax/servlet/ServletContextEvent;)V" line="83"><counter type="INSTRUCTION" missed="39" covered="0"/><counter type="LINE" missed="8" covered="0"/><counter type="COMPLEXITY" missed="1" covered="0"/><counter type="METHOD" missed="1" covered="0"/></method><method name="contextDestroyed" desc="(Ljavax/servlet/ServletContextEvent;)V" line="96"><counter type="INSTRUCTION" missed="15" covered="0"/><counter type="LINE" missed="6" covered="0"/><counter type="COMPLEXITY" missed="1" covered="0"/><counter type="METHOD" missed="1" covered="0"/></method><method name="getConfigurations" desc="(Ljavax/servlet/ServletContext;)Ljava/util/List;" line="107"><counter type="INSTRUCTION" missed="4" covered="18"/><counter type="BRANCH" missed="1" covered="3"/><counter type="LINE" missed="1" covered="4"/><counter type="COMPLEXITY" missed="1" covered="2"/><counter type="METHOD" missed="0" covered="1"/></method><method name="configureFromSystemProperty" desc="(Ljavax/servlet/ServletContext;)Ljava/util/List;" line="118"><counter type="INSTRUCTION" missed="0" covered="18"/><counter type="BRANCH" missed="1" covered="3"/><counter type="LINE" missed="0" covered="4"/><counter type="COMPLEXITY" missed="1" covered="2"/><counter type="METHOD" missed="0" covered="1"/></method><method name="configureFromWebXmlParam" desc="(Ljavax/servlet/ServletContext;)Ljava/util/List;" line="128"><counter type="INSTRUCTION" missed="0" covered="6"/><counter type="LINE" missed="0" covered="1"/><counter type="COMPLEXITY" missed="0" covered="1"/><counter type="METHOD" missed="0" covered="1"/></method><method name="parseStringConfigurations" desc="(Ljava/lang/String;)Ljava/util/List;" line="133"><counter type="INSTRUCTION" missed="2" covered="40"/><counter type="BRANCH" missed="2" covered="4"/><counter type="LINE" missed="0" covered="7"/><counter type="COMPLEXITY" missed="2" covered="2"/><counter type="METHOD" missed="0" covered="1"/></method><counter type="INSTRUCTION" missed="60" covered="89"/><counter type="BRANCH" missed="4" covered="10"/><counter type="LINE" missed="15" covered="18"/><counter type="COMPLEXITY" missed="6" covered="8"/><counter type="METHOD" missed="2" covered="5"/><counter type="CLASS" missed="0" covered="1"/></class><sourcefile name="JmxTransLoaderListener.java"><line nr="70" mi="0" ci="2" mb="0" cb="0"/><line nr="72" mi="0" ci="5" mb="0" cb="0"/><line nr="83" mi="4" ci="0" mb="0" cb="0"/><line nr="86" mi="11" ci="0" mb="0" cb="0"/><line nr="87" mi="3" ci="0" mb="0" cb="0"/><line nr="88" mi="1" ci="0" mb="0" cb="0"/><line nr="89" mi="13" ci="0" mb="0" cb="0"/><line nr="90" mi="5" ci="0" mb="0" cb="0"/><line nr="91" mi="1" ci="0" mb="0" cb="0"/><line nr="92" mi="1" ci="0" mb="0" cb="0"/><line nr="96" mi="4" ci="0" mb="0" cb="0"/><line nr="99" mi="3" ci="0" mb="0" cb="0"/><line nr="100" mi="1" ci="0" mb="0" cb="0"/><line nr="101" mi="5" ci="0" mb="0" cb="0"/><line nr="102" mi="1" ci="0" mb="0" cb="0"/><line nr="103" mi="1" ci="0" mb="0" cb="0"/><line nr="107" mi="0" ci="4" mb="0" cb="0"/><line nr="108" mi="0" ci="5" mb="0" cb="2"/><line nr="110" mi="0" ci="4" mb="0" cb="0"/><line nr="111" mi="0" ci="5" mb="1" cb="1"/><line nr="113" mi="4" ci="0" mb="0" cb="0"/><line nr="118" mi="0" ci="4" mb="0" cb="0"/><line nr="120" mi="0" ci="7" mb="1" cb="3"/><line nr="122" mi="0" ci="3" mb="0" cb="0"/><line nr="123" mi="0" ci="4" mb="0" cb="0"/><line nr="128" mi="0" ci="6" mb="0" cb="0"/><line nr="133" mi="2" ci="2" mb="1" cb="1"/><line nr="135" mi="0" ci="4" mb="0" cb="0"/><line nr="136" mi="0" ci="19" mb="0" cb="2"/><line nr="137" mi="0" ci="3" mb="0" cb="0"/><line nr="138" mi="0" ci="3" mb="1" cb="1"/><line nr="139" mi="0" ci="7" mb="0" cb="0"/><line nr="142" mi="0" ci="2" mb="0" cb="0"/><counter type="INSTRUCTION" missed="60" covered="89"/><counter type="BRANCH" missed="4" covered="10"/><counter type="LINE" missed="15" covered="18"/><counter type="COMPLEXITY" missed="6" covered="8"/><counter type="METHOD" missed="2" covered="5"/><counter type="CLASS" missed="0" covered="1"/></sourcefile><counter type="INSTRUCTION" missed="60" covered="89"/><counter type="BRANCH" missed="4" covered="10"/><counter type="LINE" missed="15" covered="18"/><counter type="COMPLEXITY" missed="6" covered="8"/><counter type="METHOD" missed="2" covered="5"/><counter type="CLASS" missed="0" covered="1"/></package><counter type="INSTRUCTION" missed="60" covered="89"/><counter type="BRANCH" missed="4" covered="10"/><counter type="LINE" missed="15" covered="18"/><counter type="COMPLEXITY" missed="6" covered="8"/><counter type="METHOD" missed="2" covered="5"/><counter type="CLASS" missed="0" covered="1"/></report>